14:55:03.999 Config: {
	"UseFrontend": false,
	"UseMatchmaker": false,
	"UseHTTPS": false,
	"UseAuthentication": false,
	"LogToFile": true,
	"LogVerbose": true,
	"HomepageFile": "player.html",
	"AdditionalRoutes": {},
	"EnableWebserver": true,
	"MatchmakerAddress": "",
	"MatchmakerPort": "9999",
	"PublicIp": "localhost",
	"HttpPort": 80,
	"HttpsPort": 443,
	"StreamerPort": 8888,
	"SFUPort": 8889,
	"MaxPlayerCount": -1
}
14:55:04.040 No peerConnectionConfig
14:55:04.043 Running Cirrus - The Pixel Streaming reference implementation signalling server for Unreal Engine 5.1.
14:55:04.056 WebSocket listening for Streamer connections on :8888
14:55:04.057 WebSocket listening for SFU connections on :8889
14:55:04.058 WebSocket listening for Players connections on :80
14:55:04.059 Http listening on *: 80
