14:54:26.373 Config: {
	"UseFrontend": false,
	"UseMatchmaker": false,
	"UseHTTPS": false,
	"UseAuthentication": false,
	"LogToFile": true,
	"LogVerbose": true,
	"HomepageFile": "player.html",
	"AdditionalRoutes": {},
	"EnableWebserver": true,
	"MatchmakerAddress": "",
	"MatchmakerPort": "9999",
	"PublicIp": "localhost",
	"HttpPort": 80,
	"HttpsPort": 443,
	"StreamerPort": 8888,
	"SFUPort": 8889,
	"MaxPlayerCount": -1
}
14:54:26.422 No peerConnectionConfig
14:54:26.426 Running Cirrus - The Pixel Streaming reference implementation signalling server for Unreal Engine 5.1.
14:54:26.439 WebSocket listening for Streamer connections on :8888
14:54:26.440 WebSocket listening for SFU connections on :8889
14:54:26.441 WebSocket listening for Players connections on :80
14:54:26.442 Http listening on *: 80
14:54:30.871 Streamer connected: ::1
