14:49:01.966 Config: {
	"UseFrontend": false,
	"UseMatchmaker": false,
	"UseHTTPS": false,
	"UseAuthentication": false,
	"LogToFile": true,
	"LogVerbose": true,
	"HomepageFile": "player.html",
	"AdditionalRoutes": {},
	"EnableWebserver": true,
	"MatchmakerAddress": "",
	"MatchmakerPort": "9999",
	"PublicIp": "localhost",
	"HttpPort": 80,
	"HttpsPort": 443,
	"StreamerPort": 8888,
	"SFUPort": 8889,
	"MaxPlayerCount": -1
}
14:49:02.179 No peerConnectionConfig
14:49:02.183 Running Cirrus - The Pixel Streaming reference implementation signalling server for Unreal Engine 5.1.
14:49:02.249 WebSocket listening for Streamer connections on :8888
14:49:02.250 WebSocket listening for SFU connections on :8889
14:49:02.251 WebSocket listening for Players connections on :80
14:49:02.252 Http listening on *: 80
14:49:04.199 Streamer connected: ::1
14:49:14.988 Dropping new streamer connection, we already have a connected streamer
14:49:18.181 Dropping new streamer connection, we already have a connected streamer
14:49:20.821 Dropping new streamer connection, we already have a connected streamer
14:49:23.199 Dropping new streamer connection, we already have a connected streamer
14:49:27.065 killing all players
14:49:41.951 Streamer connected: ::1
14:51:42.854 killing all players
14:51:42.856 Streamer connected: ::1
14:51:42.858 Dropping new streamer connection, we already have a connected streamer
14:51:42.859 Dropping new streamer connection, we already have a connected streamer
14:51:42.860 Dropping new streamer connection, we already have a connected streamer
14:51:42.863 killing all players
14:51:44.946 Streamer connected: ::1
