12:39:17.015 Config: {
	"UseFrontend": false,
	"UseMatchmaker": false,
	"UseHTTPS": false,
	"UseAuthentication": false,
	"LogToFile": true,
	"LogVerbose": true,
	"HomepageFile": "player.html",
	"AdditionalRoutes": {},
	"EnableWebserver": true,
	"MatchmakerAddress": "localhost",
	"MatchmakerPort": "9999",
	"PublicIp": "localhost",
	"HttpPort": 80,
	"HttpsPort": 443,
	"StreamerPort": 8888,
	"SFUPort": 8889,
	"MaxPlayerCount": -1,
	"peerConnectionOptions": "\"{ \\\"iceServers\\\": [{\\\"urls\\\": [\\\"stun:stun.l.google.com:19302\\\"]}, {\\\"urls\\\":[\\\"turn:coturn.tenant-74334f-oidev.lga1.ingress.coreweave.cloud:3478\\\"],\\\"username\\\":\\\"PixelStreamingUser\\\",\\\"credential\\\":\\\"AnotherTURNintheroad\\\"}]}\""
}
12:39:17.035 peerConnectionOptions = "{ \"iceServers\": [{\"urls\": [\"stun:stun.l.google.com:19302\"]}, {\"urls\":[\"turn:coturn.tenant-74334f-oidev.lga1.ingress.coreweave.cloud:3478\"],\"username\":\"PixelStreamingUser\",\"credential\":\"AnotherTURNintheroad\"}]}"
12:39:17.039 Running Cirrus - The Pixel Streaming reference implementation signalling server for Unreal Engine 5.1.
12:39:17.047 WebSocket listening for Streamer connections on :8888
12:39:17.047 WebSocket listening for SFU connections on :8889
12:39:17.047 WebSocket listening for Players connections on :80
12:39:17.049 Http listening on *: 80
