18:28:21.005 HTTP listening on *:90
18:28:21.005 Matchmaker listening on *:9999
18:28:22.543 WARNING: No empty Cirrus servers are available
18:28:22.988 Error creating resources: HttpError: HTTP request failed
    at Request._callback (/Users/neeraj/Desktop/kubernetes/node_modules/@kubernetes/client-node/dist/gen/api/appsV1Api.js:336:36)
    at self.callback (/Users/neeraj/Desktop/kubernetes/node_modules/request/request.js:185:22)
    at Request.emit (node:events:512:28)
    at Request.<anonymous> (/Users/neeraj/Desktop/kubernetes/node_modules/request/request.js:1154:10)
    at Request.emit (node:events:512:28)
    at IncomingMessage.<anonymous> (/Users/neeraj/Desktop/kubernetes/node_modules/request/request.js:1076:12)
    at Object.onceWrapper (node:events:626:28)
    at IncomingMessage.emit (node:events:524:35)
    at endReadableNT (node:internal/streams/readable:1378:12)
    at process.processTicksAndRejections (node:internal/process/task_queues:82:21) {
  response: <ref *1> IncomingMessage {
    _readableState: ReadableState {
      objectMode: false,
      highWaterMark: 16384,
      buffer: BufferList { head: null, tail: null, length: 0 },
      length: 0,
      pipes: [],
      flowing: true,
      ended: true,
      endEmitted: true,
      reading: false,
      constructed: true,
      sync: true,
      needReadable: false,
      emittedReadable: false,
      readableListening: false,
      resumeScheduled: false,
      errorEmitted: false,
      emitClose: true,
      autoDestroy: true,
      destroyed: true,
      errored: null,
      closed: true,
      closeEmitted: true,
      defaultEncoding: 'utf8',
      awaitDrainWriters: null,
      multiAwaitDrain: false,
      readingMore: true,
      dataEmitted: true,
      decoder: null,
      encoding: null,
      [Symbol(kPaused)]: false
    },
    _events: [Object: null prototype] {
      end: [Array],
      close: [Array],
      data: [Function (anonymous)],
      error: [Function (anonymous)]
    },
    _eventsCount: 4,
    _maxListeners: undefined,
    socket: TLSSocket {
      _tlsOptions: [Object],
      _secureEstablished: true,
      _securePending: false,
      _newSessionPending: false,
      _controlReleased: true,
      secureConnecting: false,
      _SNICallback: null,
      servername: 'k8s.ord1.coreweave.com',
      alpnProtocol: false,
      authorized: true,
      authorizationError: null,
      encrypted: true,
      _events: [Object: null prototype],
      _eventsCount: 10,
      connecting: false,
      _hadError: false,
      _parent: null,
      _host: 'k8s.ord1.coreweave.com',
      _closeAfterHandlingError: false,
      _readableState: [ReadableState],
      _maxListeners: undefined,
      _writableState: [WritableState],
      allowHalfOpen: false,
      _sockname: null,
      _pendingData: null,
      _pendingEncoding: '',
      server: undefined,
      _server: null,
      ssl: [TLSWrap],
      _requestCert: true,
      _rejectUnauthorized: true,
      parser: null,
      _httpMessage: [ClientRequest],
      autoSelectFamilyAttemptedAddresses: [Array],
      [Symbol(alpncallback)]: null,
      [Symbol(res)]: [TLSWrap],
      [Symbol(verified)]: true,
      [Symbol(pendingSession)]: null,
      [Symbol(async_id_symbol)]: 51,
      [Symbol(kHandle)]: [TLSWrap],
      [Symbol(lastWriteQueueSize)]: 0,
      [Symbol(timeout)]: null,
      [Symbol(kBuffer)]: null,
      [Symbol(kBufferCb)]: null,
      [Symbol(kBufferGen)]: null,
      [Symbol(kCapture)]: false,
      [Symbol(kSetNoDelay)]: false,
      [Symbol(kSetKeepAlive)]: false,
      [Symbol(kSetKeepAliveInitialDelay)]: 0,
      [Symbol(kBytesRead)]: 0,
      [Symbol(kBytesWritten)]: 0,
      [Symbol(connect-options)]: [Object]
    },
    httpVersionMajor: 1,
    httpVersionMinor: 1,
    httpVersion: '1.1',
    complete: true,
    rawHeaders: [
      'Date',
      'Wed, 12 Jul 2023 12:58:23 GMT',
      'Content-Type',
      'application/json',
      'Content-Length',
      '240',
      'Connection',
      'close',
      'cache-control',
      'no-cache, private',
      'x-kubernetes-pf-flowschema-uid',
      '95e685fd-6059-4b39-a2ec-40803f81f66b',
      'x-kubernetes-pf-prioritylevel-uid',
      '559b8561-d805-4cc8-9f38-ae50b54f7b32',
      'CF-Cache-Status',
      'DYNAMIC',
      'Server',
      'cloudflare',
      'CF-RAY',
      '7e5975147b5c85cc-BOM'
    ],
    rawTrailers: [],
    joinDuplicateHeaders: undefined,
    aborted: false,
    upgrade: false,
    url: '',
    method: null,
    statusCode: 409,
    statusMessage: 'Conflict',
    client: TLSSocket {
      _tlsOptions: [Object],
      _secureEstablished: true,
      _securePending: false,
      _newSessionPending: false,
      _controlReleased: true,
      secureConnecting: false,
      _SNICallback: null,
      servername: 'k8s.ord1.coreweave.com',
      alpnProtocol: false,
      authorized: true,
      authorizationError: null,
      encrypted: true,
      _events: [Object: null prototype],
      _eventsCount: 10,
      connecting: false,
      _hadError: false,
      _parent: null,
      _host: 'k8s.ord1.coreweave.com',
      _closeAfterHandlingError: false,
      _readableState: [ReadableState],
      _maxListeners: undefined,
      _writableState: [WritableState],
      allowHalfOpen: false,
      _sockname: null,
      _pendingData: null,
      _pendingEncoding: '',
      server: undefined,
      _server: null,
      ssl: [TLSWrap],
      _requestCert: true,
      _rejectUnauthorized: true,
      parser: null,
      _httpMessage: [ClientRequest],
      autoSelectFamilyAttemptedAddresses: [Array],
      [Symbol(alpncallback)]: null,
      [Symbol(res)]: [TLSWrap],
      [Symbol(verified)]: true,
      [Symbol(pendingSession)]: null,
      [Symbol(async_id_symbol)]: 51,
      [Symbol(kHandle)]: [TLSWrap],
      [Symbol(lastWriteQueueSize)]: 0,
      [Symbol(timeout)]: null,
      [Symbol(kBuffer)]: null,
      [Symbol(kBufferCb)]: null,
      [Symbol(kBufferGen)]: null,
      [Symbol(kCapture)]: false,
      [Symbol(kSetNoDelay)]: false,
      [Symbol(kSetKeepAlive)]: false,
      [Symbol(kSetKeepAliveInitialDelay)]: 0,
      [Symbol(kBytesRead)]: 0,
      [Symbol(kBytesWritten)]: 0,
      [Symbol(connect-options)]: [Object]
    },
    _consuming: false,
    _dumped: false,
    req: ClientRequest {
      _events: [Object: null prototype],
      _eventsCount: 5,
      _maxListeners: undefined,
      outputData: [],
      outputSize: 0,
      writable: true,
      destroyed: false,
      _last: true,
      chunkedEncoding: false,
      shouldKeepAlive: false,
      maxRequestsOnConnectionReached: false,
      _defaultKeepAlive: true,
      useChunkedEncodingByDefault: true,
      sendDate: false,
      _removedConnection: false,
      _removedContLen: false,
      _removedTE: false,
      strictContentLength: false,
      _contentLength: 896,
      _hasBody: true,
      _trailer: '',
      finished: true,
      _headerSent: true,
      _closed: false,
      socket: [TLSSocket],
      _header: 'POST /apis/apps/v1/namespaces/tenant-74334f-oidev/deployments HTTP/1.1\r\n' +
        'Accept: application/json\r\n' +
        'Authorization: Bearer CHtnnc6xgtrQGH9pQ2P9cngsDCdzjpdQmfV7kF9C\r\n' +
        'host: k8s.ord1.coreweave.com\r\n' +
        'content-type: application/json\r\n' +
        'content-length: 896\r\n' +
        'Connection: close\r\n' +
        '\r\n',
      _keepAliveTimeout: 0,
      _onPendingData: [Function: nop],
      agent: [Agent],
      socketPath: undefined,
      method: 'POST',
      maxHeaderSize: undefined,
      insecureHTTPParser: undefined,
      joinDuplicateHeaders: undefined,
      path: '/apis/apps/v1/namespaces/tenant-74334f-oidev/deployments',
      _ended: true,
      res: [Circular *1],
      aborted: false,
      timeoutCb: null,
      upgradeOrConnect: false,
      parser: null,
      maxHeadersCount: null,
      reusedSocket: false,
      host: 'k8s.ord1.coreweave.com',
      protocol: 'https:',
      [Symbol(kCapture)]: false,
      [Symbol(kBytesWritten)]: 0,
      [Symbol(kNeedDrain)]: false,
      [Symbol(corked)]: 0,
      [Symbol(kOutHeaders)]: [Object: null prototype],
      [Symbol(errored)]: null,
      [Symbol(kHighWaterMark)]: 16384,
      [Symbol(kRejectNonStandardBodyWrites)]: false,
      [Symbol(kUniqueHeaders)]: null
    },
    request: Request {
      _events: [Object: null prototype],
      _eventsCount: 5,
      _maxListeners: undefined,
      method: 'POST',
      headers: [Object],
      uri: [Url],
      useQuerystring: false,
      body: '{"apiVersion":"apps/v1","kind":"Deployment","metadata":{"labels":{"app":"app"},"name":"app-deployment"},"spec":{"replicas":1,"selector":{"matchLabels":{"app":"app"}},"template":{"metadata":{"labels":{"app":"app"}},"spec":{"containers":[{"args":["coturn.tenant-74334f-oidev.lga1.ingress.coreweave.cloud:3478","PixelStreamingUser","AnotherTURNintheroad"],"image":"neerajpolavarapu/ss:s","name":"app-containers","ports":[{"containerPort":8888,"protocol":"TCP"},{"containerPort":80,"protocol":"TCP"},{"containerPort":8888,"protocol":"UDP"},{"containerPort":80,"protocol":"UDP"},{"containerPort":9999,"protocol":"UDP"},{"containerPort":90,"protocol":"UDP"},{"containerPort":9999,"protocol":"TCP"},{"containerPort":90,"protocol":"TCP"},{"containerPort":3478,"protocol":"TCP"},{"containerPort":3478,"protocol":"UDP"},{"containerPort":3479,"protocol":"TCP"},{"containerPort":3479,"protocol":"UDP"}]}]}}}}',
      ca: <Buffer 2d 2d 2d 2d 2d 42 45 47 49 4e 20 43 45 52 54 49 46 49 43 41 54 45 2d 2d 2d 2d 2d 0a 4d 49 49 43 2f 54 43 43 41 65 57 67 41 77 49 42 41 67 49 52 41 4f ... 1049 more bytes>,
      callback: [Function (anonymous)],
      readable: true,
      writable: true,
      explicitMethod: true,
      _qs: [Querystring],
      _auth: [Auth],
      _oauth: [OAuth],
      _multipart: [Multipart],
      _redirect: [Redirect],
      _tunnel: [Tunnel],
      setHeader: [Function (anonymous)],
      hasHeader: [Function (anonymous)],
      getHeader: [Function (anonymous)],
      removeHeader: [Function (anonymous)],
      localAddress: undefined,
      pool: [Object],
      dests: [],
      __isRequestRequest: true,
      _callback: [Function (anonymous)],
      proxy: null,
      tunnel: true,
      setHost: true,
      originalCookieHeader: undefined,
      _disableCookies: true,
      _jar: undefined,
      port: 443,
      host: 'k8s.ord1.coreweave.com',
      path: '/apis/apps/v1/namespaces/tenant-74334f-oidev/deployments',
      _json: true,
      httpModule: [Object],
      agentClass: [Function: Agent],
      agent: [Agent],
      _started: true,
      href: 'https://k8s.ord1.coreweave.com/apis/apps/v1/namespaces/tenant-74334f-oidev/deployments',
      req: [ClientRequest],
      ntick: true,
      response: [Circular *1],
      originalHost: 'k8s.ord1.coreweave.com',
      originalHostHeaderName: 'host',
      responseContent: [Circular *1],
      _destdata: true,
      _ended: true,
      _callbackCalled: true,
      [Symbol(kCapture)]: false
    },
    toJSON: [Function: responseToJSON],
    caseless: Caseless { dict: [Object] },
    body: {
      kind: 'Status',
      apiVersion: 'v1',
      metadata: {},
      status: 'Failure',
      message: 'deployments.apps "app-deployment" already exists',
      reason: 'AlreadyExists',
      details: [Object],
      code: 409
    },
    [Symbol(kCapture)]: false,
    [Symbol(kHeaders)]: {
      date: 'Wed, 12 Jul 2023 12:58:23 GMT',
      'content-type': 'application/json',
      'content-length': '240',
      connection: 'close',
      'cache-control': 'no-cache, private',
      'x-kubernetes-pf-flowschema-uid': '95e685fd-6059-4b39-a2ec-40803f81f66b',
      'x-kubernetes-pf-prioritylevel-uid': '559b8561-d805-4cc8-9f38-ae50b54f7b32',
      'cf-cache-status': 'DYNAMIC',
      server: 'cloudflare',
      'cf-ray': '7e5975147b5c85cc-BOM'
    },
    [Symbol(kHeadersCount)]: 20,
    [Symbol(kTrailers)]: null,
    [Symbol(kTrailersCount)]: 0
  },
  body: {
    kind: 'Status',
    apiVersion: 'v1',
    metadata: {},
    status: 'Failure',
    message: 'deployments.apps "app-deployment" already exists',
    reason: 'AlreadyExists',
    details: { name: 'app-deployment', group: 'apps', kind: 'deployments' },
    code: 409
  },
  statusCode: 409
}
