16:40:32.617 HTTP listening on *:90
16:40:32.617 Matchmaker listening on *:9999
16:40:40.146 Current status of app-deployment-lqt3ltsmpkqcm0p in tenant-74334f-oidev: 0/1
16:40:40.252 Current status of pixel-streaming-pod-lqt3ltsmpkqcm0p: Pending
16:40:41.480 Current status of app-deployment-lqt3ltsmpkqcm0p in tenant-74334f-oidev: 0/1
16:40:41.501 Current status of pixel-streaming-pod-lqt3ltsmpkqcm0p: Pending
16:40:42.811 Current status of app-deployment-lqt3ltsmpkqcm0p in tenant-74334f-oidev: 0/1
16:40:42.817 Current status of pixel-streaming-pod-lqt3ltsmpkqcm0p: Pending
16:40:44.144 Current status of app-deployment-lqt3ltsmpkqcm0p in tenant-74334f-oidev: 0/1
16:40:44.328 Current status of pixel-streaming-pod-lqt3ltsmpkqcm0p: Pending
16:40:44.966 Current status of app-deployment-lqt3ltsmpkqcm0p in tenant-74334f-oidev: 0/1
16:40:45.310 Current status of pixel-streaming-pod-lqt3ltsmpkqcm0p: Pending
16:40:46.291 Current status of app-deployment-lqt3ltsmpkqcm0p in tenant-74334f-oidev: 0/1
16:40:46.595 Current status of pixel-streaming-pod-lqt3ltsmpkqcm0p: Pending
16:40:47.540 Current status of app-deployment-lqt3ltsmpkqcm0p in tenant-74334f-oidev: 0/1
16:40:47.829 Current status of pixel-streaming-pod-lqt3ltsmpkqcm0p: Pending
16:40:48.852 Current status of app-deployment-lqt3ltsmpkqcm0p in tenant-74334f-oidev: 0/1
16:40:49.060 Current status of pixel-streaming-pod-lqt3ltsmpkqcm0p: Pending
16:40:50.178 Current status of app-deployment-lqt3ltsmpkqcm0p in tenant-74334f-oidev: 0/1
16:40:50.328 Current status of pixel-streaming-pod-lqt3ltsmpkqcm0p: Pending
16:40:50.992 Current status of app-deployment-lqt3ltsmpkqcm0p in tenant-74334f-oidev: 0/1
16:40:51.148 Current status of pixel-streaming-pod-lqt3ltsmpkqcm0p: Pending
16:40:52.330 Current status of app-deployment-lqt3ltsmpkqcm0p in tenant-74334f-oidev: 0/1
16:40:52.388 Current status of pixel-streaming-pod-lqt3ltsmpkqcm0p: Pending
16:40:53.136 Current status of app-deployment-lqt3ltsmpkqcm0p in tenant-74334f-oidev: 0/1
16:40:53.214 Current status of pixel-streaming-pod-lqt3ltsmpkqcm0p: Pending
16:40:54.389 Current status of app-deployment-lqt3ltsmpkqcm0p in tenant-74334f-oidev: 0/1
16:40:54.463 Current status of pixel-streaming-pod-lqt3ltsmpkqcm0p: Pending
16:40:55.204 Current status of app-deployment-lqt3ltsmpkqcm0p in tenant-74334f-oidev: 0/1
16:40:55.740 Current status of pixel-streaming-pod-lqt3ltsmpkqcm0p: Pending
16:40:56.240 Current status of app-deployment-lqt3ltsmpkqcm0p in tenant-74334f-oidev: 1/1
16:40:56.241 Deployment app-deployment-lqt3ltsmpkqcm0p in tenant-74334f-oidev is now available
16:40:57.046 Current status of pixel-streaming-pod-lqt3ltsmpkqcm0p: Running
16:40:57.047 Pod pixel-streaming-pod-lqt3ltsmpkqcm0p in tenant-74334f-oidev is now Running
