11:29:53.846 asdf
11:29:53.849 HTTP listening on *:90
11:29:53.849 Matchmaker listening on *:9999
11:30:03.256 WARNING: No empty Cirrus servers are available
11:30:03.270 hello
11:30:06.464 WARNING: No empty Cirrus servers are available
11:30:06.470 hello
11:30:09.625 WARNING: No empty Cirrus servers are available
11:30:09.627 hello
11:30:12.781 WARNING: No empty Cirrus servers are available
11:30:12.783 hello
11:30:15.936 WARNING: No empty Cirrus servers are available
11:30:15.938 hello
11:30:19.092 WARNING: No empty Cirrus servers are available
11:30:19.094 hello
11:30:22.248 WARNING: No empty Cirrus servers are available
11:30:22.250 hello
11:30:25.406 WARNING: No empty Cirrus servers are available
11:30:25.409 hello
11:30:28.559 WARNING: No empty Cirrus servers are available
11:30:28.560 hello
11:30:31.730 WARNING: No empty Cirrus servers are available
11:30:31.732 hello
11:30:34.883 WARNING: No empty Cirrus servers are available
11:30:34.884 hello
