19:00:52.804 HTTP listening on *:90
19:00:52.804 Matchmaker listening on *:9999
19:00:54.340 WARNING: No empty Cirrus servers are available
19:00:55.353 redicting......
19:00:55.359 Error creating resources: TypeError: Cannot read properties of undefined (reading 'redirect')
    at createResourcesAndRedirect (/Users/neeraj/Desktop/kubernetes/Matchmaker/matchmaker.js:636:11)
    at process.processTicksAndRejections (node:internal/process/task_queues:95:5)
19:00:56.085 Current status of app-deployment in tenant-74334f-oidev: 0/1
19:00:56.122 Current status of pixel-streaming-pod: Pending
19:00:57.321 Current status of app-deployment in tenant-74334f-oidev: 0/1
19:00:57.364 Current status of pixel-streaming-pod: Pending
19:00:58.139 Current status of app-deployment in tenant-74334f-oidev: 0/1
19:00:58.670 Current status of pixel-streaming-pod: Running
19:00:58.671 Pod pixel-streaming-pod in tenant-74334f-oidev is now Running
19:00:59.426 Current status of app-deployment in tenant-74334f-oidev: 0/1
19:01:00.730 Current status of app-deployment in tenant-74334f-oidev: 0/1
19:01:02.048 Current status of app-deployment in tenant-74334f-oidev: 0/1
19:01:03.392 Current status of app-deployment in tenant-74334f-oidev: 0/1
19:01:04.312 Current status of app-deployment in tenant-74334f-oidev: 0/1
19:01:05.645 Current status of app-deployment in tenant-74334f-oidev: 0/1
19:01:06.460 Current status of app-deployment in tenant-74334f-oidev: 0/1
19:01:07.290 Current status of app-deployment in tenant-74334f-oidev: 0/1
19:01:08.531 Current status of app-deployment in tenant-74334f-oidev: 0/1
19:01:09.360 Current status of app-deployment in tenant-74334f-oidev: 0/1
19:01:10.186 Current status of app-deployment in tenant-74334f-oidev: 0/1
19:01:11.480 Current status of app-deployment in tenant-74334f-oidev: 1/1
19:01:11.481 Deployment app-deployment in tenant-74334f-oidev is now available
