16:25:18.780 HTTP listening on *:90
16:25:18.780 Matchmaker listening on *:9999
16:25:24.031 Current status of pixel-streaming-pod-gjm6ti7d9c2wjl4: Pending
16:25:24.090 Current status of app-deployment-gjm6ti7d9c2wjl4 in tenant-74334f-oidev: 0/1
16:25:24.091 Deployment not available yet
16:25:25.273 Current status of pixel-streaming-pod-gjm6ti7d9c2wjl4: Pending
16:25:25.915 Current status of pixel-streaming-pod-gjm6ti7d9c2wjl4: Pending
16:25:26.512 Current status of pixel-streaming-pod-gjm6ti7d9c2wjl4: Pending
16:25:27.172 Current status of pixel-streaming-pod-gjm6ti7d9c2wjl4: Pending
16:25:27.770 Current status of pixel-streaming-pod-gjm6ti7d9c2wjl4: Pending
16:25:28.439 Current status of pixel-streaming-pod-gjm6ti7d9c2wjl4: Pending
16:25:29.142 Current status of pixel-streaming-pod-gjm6ti7d9c2wjl4: Running
16:25:29.142 Pod pixel-streaming-pod-gjm6ti7d9c2wjl4 in tenant-74334f-oidev is now Running
16:25:29.286 Current status of pixel-streaming-pod-gjm6ti7d9c2wjl4: Running
16:25:29.286 Pod pixel-streaming-pod-gjm6ti7d9c2wjl4 in tenant-74334f-oidev is now Running
16:25:30.208 Current status of app-deployment-gjm6ti7d9c2wjl4 in tenant-74334f-oidev: 0/1
16:25:30.209 Deployment not available yet
16:25:30.209 0
16:25:32.967 Current status of pixel-streaming-pod-gjm6ti7d9c2wjl4: Running
16:25:32.968 Pod pixel-streaming-pod-gjm6ti7d9c2wjl4 in tenant-74334f-oidev is now Running
16:25:33.725 Current status of app-deployment-gjm6ti7d9c2wjl4 in tenant-74334f-oidev: 0/1
16:25:33.725 Deployment not available yet
16:25:33.726 0
16:25:36.072 Current status of pixel-streaming-pod-gjm6ti7d9c2wjl4: Running
16:25:36.073 Pod pixel-streaming-pod-gjm6ti7d9c2wjl4 in tenant-74334f-oidev is now Running
16:25:36.803 Current status of app-deployment-gjm6ti7d9c2wjl4 in tenant-74334f-oidev: 0/1
16:25:36.804 Deployment not available yet
16:25:36.804 0
16:25:39.163 Current status of pixel-streaming-pod-gjm6ti7d9c2wjl4: Running
16:25:39.163 Pod pixel-streaming-pod-gjm6ti7d9c2wjl4 in tenant-74334f-oidev is now Running
16:25:40.006 Current status of app-deployment-gjm6ti7d9c2wjl4 in tenant-74334f-oidev: 0/1
16:25:40.007 Deployment not available yet
16:25:40.007 0
16:25:42.353 Current status of pixel-streaming-pod-gjm6ti7d9c2wjl4: Running
16:25:42.354 Pod pixel-streaming-pod-gjm6ti7d9c2wjl4 in tenant-74334f-oidev is now Running
16:25:43.139 Current status of app-deployment-gjm6ti7d9c2wjl4 in tenant-74334f-oidev: 0/1
16:25:43.139 Deployment not available yet
16:25:43.139 0
16:25:46.021 Current status of pixel-streaming-pod-gjm6ti7d9c2wjl4: Running
16:25:46.021 Pod pixel-streaming-pod-gjm6ti7d9c2wjl4 in tenant-74334f-oidev is now Running
16:25:46.772 Current status of app-deployment-gjm6ti7d9c2wjl4 in tenant-74334f-oidev: 0/1
16:25:46.772 Deployment not available yet
16:25:46.772 0
16:25:49.570 Current status of pixel-streaming-pod-gjm6ti7d9c2wjl4: Running
16:25:49.570 Pod pixel-streaming-pod-gjm6ti7d9c2wjl4 in tenant-74334f-oidev is now Running
16:25:49.899 Current status of app-deployment-gjm6ti7d9c2wjl4 in tenant-74334f-oidev: 0/1
16:25:49.899 Deployment not available yet
16:25:49.899 0
16:25:52.287 Current status of pixel-streaming-pod-gjm6ti7d9c2wjl4: Running
16:25:52.287 Pod pixel-streaming-pod-gjm6ti7d9c2wjl4 in tenant-74334f-oidev is now Running
16:25:53.118 Current status of app-deployment-gjm6ti7d9c2wjl4 in tenant-74334f-oidev: 0/1
16:25:53.118 Deployment not available yet
16:25:53.118 0
16:25:55.465 Current status of pixel-streaming-pod-gjm6ti7d9c2wjl4: Running
16:25:55.465 Pod pixel-streaming-pod-gjm6ti7d9c2wjl4 in tenant-74334f-oidev is now Running
16:25:55.817 Current status of app-deployment-gjm6ti7d9c2wjl4 in tenant-74334f-oidev: 0/1
16:25:55.818 Deployment not available yet
16:25:55.818 0
16:25:58.241 Current status of pixel-streaming-pod-gjm6ti7d9c2wjl4: Running
16:25:58.241 Pod pixel-streaming-pod-gjm6ti7d9c2wjl4 in tenant-74334f-oidev is now Running
16:25:59.007 Current status of app-deployment-gjm6ti7d9c2wjl4 in tenant-74334f-oidev: 0/1
16:25:59.007 Deployment not available yet
16:25:59.008 0
16:26:01.880 Current status of pixel-streaming-pod-gjm6ti7d9c2wjl4: Running
16:26:01.881 Pod pixel-streaming-pod-gjm6ti7d9c2wjl4 in tenant-74334f-oidev is now Running
16:26:02.628 Current status of app-deployment-gjm6ti7d9c2wjl4 in tenant-74334f-oidev: 0/1
16:26:02.628 Deployment not available yet
16:26:02.629 0
16:26:05.003 Current status of pixel-streaming-pod-gjm6ti7d9c2wjl4: Running
16:26:05.003 Pod pixel-streaming-pod-gjm6ti7d9c2wjl4 in tenant-74334f-oidev is now Running
16:26:05.783 Current status of app-deployment-gjm6ti7d9c2wjl4 in tenant-74334f-oidev: 0/1
16:26:05.784 Deployment not available yet
16:26:05.784 0
16:26:08.542 Current status of pixel-streaming-pod-gjm6ti7d9c2wjl4: Running
16:26:08.542 Pod pixel-streaming-pod-gjm6ti7d9c2wjl4 in tenant-74334f-oidev is now Running
16:26:09.324 Current status of app-deployment-gjm6ti7d9c2wjl4 in tenant-74334f-oidev: 0/1
16:26:09.324 Deployment not available yet
16:26:09.324 0
16:26:12.164 Current status of pixel-streaming-pod-gjm6ti7d9c2wjl4: Running
16:26:12.164 Pod pixel-streaming-pod-gjm6ti7d9c2wjl4 in tenant-74334f-oidev is now Running
16:26:13.013 Current status of app-deployment-gjm6ti7d9c2wjl4 in tenant-74334f-oidev: 0/1
16:26:13.013 Deployment not available yet
16:26:13.013 0
16:26:17.014 Current status of pixel-streaming-pod-gjm6ti7d9c2wjl4: Running
16:26:17.014 Pod pixel-streaming-pod-gjm6ti7d9c2wjl4 in tenant-74334f-oidev is now Running
16:26:17.351 Current status of app-deployment-gjm6ti7d9c2wjl4 in tenant-74334f-oidev: 0/1
16:26:17.352 Deployment not available yet
16:26:17.352 0
16:26:19.740 Current status of pixel-streaming-pod-gjm6ti7d9c2wjl4: Running
16:26:19.740 Pod pixel-streaming-pod-gjm6ti7d9c2wjl4 in tenant-74334f-oidev is now Running
16:26:20.108 Current status of app-deployment-gjm6ti7d9c2wjl4 in tenant-74334f-oidev: 0/1
16:26:20.108 Deployment not available yet
16:26:20.108 0
16:26:22.453 Current status of pixel-streaming-pod-gjm6ti7d9c2wjl4: Running
16:26:22.453 Pod pixel-streaming-pod-gjm6ti7d9c2wjl4 in tenant-74334f-oidev is now Running
16:26:23.287 Current status of app-deployment-gjm6ti7d9c2wjl4 in tenant-74334f-oidev: 0/1
16:26:23.287 Deployment not available yet
16:26:23.287 0
16:26:25.624 Current status of pixel-streaming-pod-gjm6ti7d9c2wjl4: Running
16:26:25.624 Pod pixel-streaming-pod-gjm6ti7d9c2wjl4 in tenant-74334f-oidev is now Running
16:26:25.944 Current status of app-deployment-gjm6ti7d9c2wjl4 in tenant-74334f-oidev: 0/1
16:26:25.944 Deployment not available yet
16:26:25.944 0
16:26:28.331 Current status of pixel-streaming-pod-gjm6ti7d9c2wjl4: Running
16:26:28.331 Pod pixel-streaming-pod-gjm6ti7d9c2wjl4 in tenant-74334f-oidev is now Running
16:26:29.068 Current status of app-deployment-gjm6ti7d9c2wjl4 in tenant-74334f-oidev: 0/1
16:26:29.068 Deployment not available yet
16:26:29.068 0
16:26:31.979 Current status of pixel-streaming-pod-gjm6ti7d9c2wjl4: Running
16:26:31.979 Pod pixel-streaming-pod-gjm6ti7d9c2wjl4 in tenant-74334f-oidev is now Running
16:26:32.403 Current status of app-deployment-gjm6ti7d9c2wjl4 in tenant-74334f-oidev: 0/1
16:26:32.403 Deployment not available yet
16:26:32.403 0
16:26:34.764 Current status of pixel-streaming-pod-gjm6ti7d9c2wjl4: Running
16:26:34.764 Pod pixel-streaming-pod-gjm6ti7d9c2wjl4 in tenant-74334f-oidev is now Running
16:26:35.098 Current status of app-deployment-gjm6ti7d9c2wjl4 in tenant-74334f-oidev: 0/1
16:26:35.098 Deployment not available yet
16:26:35.098 0
16:26:37.454 Current status of pixel-streaming-pod-gjm6ti7d9c2wjl4: Running
16:26:37.454 Pod pixel-streaming-pod-gjm6ti7d9c2wjl4 in tenant-74334f-oidev is now Running
16:26:37.822 Current status of app-deployment-gjm6ti7d9c2wjl4 in tenant-74334f-oidev: 0/1
16:26:37.822 Deployment not available yet
16:26:37.822 0
16:26:40.169 Current status of pixel-streaming-pod-gjm6ti7d9c2wjl4: Running
16:26:40.169 Pod pixel-streaming-pod-gjm6ti7d9c2wjl4 in tenant-74334f-oidev is now Running
16:26:40.897 Current status of app-deployment-gjm6ti7d9c2wjl4 in tenant-74334f-oidev: 0/1
16:26:40.897 Deployment not available yet
16:26:40.897 0
16:26:43.837 Current status of pixel-streaming-pod-gjm6ti7d9c2wjl4: Running
16:26:43.838 Pod pixel-streaming-pod-gjm6ti7d9c2wjl4 in tenant-74334f-oidev is now Running
16:26:44.182 Current status of app-deployment-gjm6ti7d9c2wjl4 in tenant-74334f-oidev: 0/1
16:26:44.183 Deployment not available yet
16:26:44.183 0
16:26:46.943 Current status of pixel-streaming-pod-gjm6ti7d9c2wjl4: Running
16:26:46.943 Pod pixel-streaming-pod-gjm6ti7d9c2wjl4 in tenant-74334f-oidev is now Running
16:26:47.865 Current status of app-deployment-gjm6ti7d9c2wjl4 in tenant-74334f-oidev: 0/1
16:26:47.865 Deployment not available yet
16:26:47.865 0
16:26:50.244 Current status of pixel-streaming-pod-gjm6ti7d9c2wjl4: Running
16:26:50.244 Pod pixel-streaming-pod-gjm6ti7d9c2wjl4 in tenant-74334f-oidev is now Running
16:26:50.573 Current status of app-deployment-gjm6ti7d9c2wjl4 in tenant-74334f-oidev: 0/1
16:26:50.574 Deployment not available yet
16:26:50.574 0
16:26:52.898 Current status of pixel-streaming-pod-gjm6ti7d9c2wjl4: Running
16:26:52.899 Pod pixel-streaming-pod-gjm6ti7d9c2wjl4 in tenant-74334f-oidev is now Running
16:26:53.644 Current status of app-deployment-gjm6ti7d9c2wjl4 in tenant-74334f-oidev: 0/1
16:26:53.644 Deployment not available yet
16:26:53.644 0
16:26:55.987 Current status of pixel-streaming-pod-gjm6ti7d9c2wjl4: Running
16:26:55.987 Pod pixel-streaming-pod-gjm6ti7d9c2wjl4 in tenant-74334f-oidev is now Running
16:26:56.798 Current status of app-deployment-gjm6ti7d9c2wjl4 in tenant-74334f-oidev: 0/1
16:26:56.799 Deployment not available yet
16:26:56.799 0
16:26:59.552 Current status of pixel-streaming-pod-gjm6ti7d9c2wjl4: Running
16:26:59.553 Pod pixel-streaming-pod-gjm6ti7d9c2wjl4 in tenant-74334f-oidev is now Running
16:26:59.898 Current status of app-deployment-gjm6ti7d9c2wjl4 in tenant-74334f-oidev: 0/1
16:26:59.898 Deployment not available yet
16:26:59.898 0
16:27:02.780 Current status of pixel-streaming-pod-gjm6ti7d9c2wjl4: Running
16:27:02.780 Pod pixel-streaming-pod-gjm6ti7d9c2wjl4 in tenant-74334f-oidev is now Running
16:27:03.104 Current status of app-deployment-gjm6ti7d9c2wjl4 in tenant-74334f-oidev: 0/1
16:27:03.104 Deployment not available yet
16:27:03.104 0
16:27:05.448 Current status of pixel-streaming-pod-gjm6ti7d9c2wjl4: Running
16:27:05.449 Pod pixel-streaming-pod-gjm6ti7d9c2wjl4 in tenant-74334f-oidev is now Running
16:27:05.797 Current status of app-deployment-gjm6ti7d9c2wjl4 in tenant-74334f-oidev: 0/1
16:27:05.797 Deployment not available yet
16:27:05.797 0
16:27:08.139 Current status of pixel-streaming-pod-gjm6ti7d9c2wjl4: Running
16:27:08.139 Pod pixel-streaming-pod-gjm6ti7d9c2wjl4 in tenant-74334f-oidev is now Running
16:27:08.458 Current status of app-deployment-gjm6ti7d9c2wjl4 in tenant-74334f-oidev: 0/1
16:27:08.458 Deployment not available yet
16:27:08.458 0
16:27:10.793 Current status of pixel-streaming-pod-gjm6ti7d9c2wjl4: Running
16:27:10.793 Pod pixel-streaming-pod-gjm6ti7d9c2wjl4 in tenant-74334f-oidev is now Running
16:27:11.630 Current status of app-deployment-gjm6ti7d9c2wjl4 in tenant-74334f-oidev: 0/1
16:27:11.630 Deployment not available yet
16:27:11.630 0
16:27:14.383 Current status of pixel-streaming-pod-gjm6ti7d9c2wjl4: Running
16:27:14.384 Pod pixel-streaming-pod-gjm6ti7d9c2wjl4 in tenant-74334f-oidev is now Running
16:27:15.111 Current status of app-deployment-gjm6ti7d9c2wjl4 in tenant-74334f-oidev: 0/1
16:27:15.111 Deployment not available yet
16:27:15.111 0
16:27:17.486 Current status of pixel-streaming-pod-gjm6ti7d9c2wjl4: Running
16:27:17.486 Pod pixel-streaming-pod-gjm6ti7d9c2wjl4 in tenant-74334f-oidev is now Running
16:27:17.795 Current status of app-deployment-gjm6ti7d9c2wjl4 in tenant-74334f-oidev: 0/1
16:27:17.796 Deployment not available yet
16:27:17.796 0
16:27:20.130 Current status of pixel-streaming-pod-gjm6ti7d9c2wjl4: Running
16:27:20.130 Pod pixel-streaming-pod-gjm6ti7d9c2wjl4 in tenant-74334f-oidev is now Running
16:27:20.886 Current status of app-deployment-gjm6ti7d9c2wjl4 in tenant-74334f-oidev: 0/1
16:27:20.886 Deployment not available yet
16:27:20.887 0
16:27:23.202 Current status of pixel-streaming-pod-gjm6ti7d9c2wjl4: Running
16:27:23.202 Pod pixel-streaming-pod-gjm6ti7d9c2wjl4 in tenant-74334f-oidev is now Running
16:27:23.541 Current status of app-deployment-gjm6ti7d9c2wjl4 in tenant-74334f-oidev: 0/1
16:27:23.541 Deployment not available yet
16:27:23.541 0
16:27:25.908 Current status of pixel-streaming-pod-gjm6ti7d9c2wjl4: Running
16:27:25.908 Pod pixel-streaming-pod-gjm6ti7d9c2wjl4 in tenant-74334f-oidev is now Running
16:27:26.251 Current status of app-deployment-gjm6ti7d9c2wjl4 in tenant-74334f-oidev: 0/1
16:27:26.251 Deployment not available yet
16:27:26.251 0
16:27:28.814 Current status of pixel-streaming-pod-gjm6ti7d9c2wjl4: Running
16:27:28.814 Pod pixel-streaming-pod-gjm6ti7d9c2wjl4 in tenant-74334f-oidev is now Running
16:27:29.560 Current status of app-deployment-gjm6ti7d9c2wjl4 in tenant-74334f-oidev: 0/1
16:27:29.560 Deployment not available yet
16:27:29.560 0
16:27:32.041 Current status of pixel-streaming-pod-gjm6ti7d9c2wjl4: Running
16:27:32.041 Pod pixel-streaming-pod-gjm6ti7d9c2wjl4 in tenant-74334f-oidev is now Running
16:27:32.363 Current status of app-deployment-gjm6ti7d9c2wjl4 in tenant-74334f-oidev: 0/1
16:27:32.363 Deployment not available yet
16:27:32.363 0
16:27:35.152 Current status of pixel-streaming-pod-gjm6ti7d9c2wjl4: Running
16:27:35.152 Pod pixel-streaming-pod-gjm6ti7d9c2wjl4 in tenant-74334f-oidev is now Running
16:27:35.894 Current status of app-deployment-gjm6ti7d9c2wjl4 in tenant-74334f-oidev: 0/1
16:27:35.894 Deployment not available yet
16:27:35.895 0
16:27:38.784 Current status of pixel-streaming-pod-gjm6ti7d9c2wjl4: Running
16:27:38.784 Pod pixel-streaming-pod-gjm6ti7d9c2wjl4 in tenant-74334f-oidev is now Running
16:27:39.654 Current status of app-deployment-gjm6ti7d9c2wjl4 in tenant-74334f-oidev: 0/1
16:27:39.654 Deployment not available yet
16:27:39.654 0
16:27:42.001 Current status of pixel-streaming-pod-gjm6ti7d9c2wjl4: Running
16:27:42.001 Pod pixel-streaming-pod-gjm6ti7d9c2wjl4 in tenant-74334f-oidev is now Running
16:27:42.850 Current status of app-deployment-gjm6ti7d9c2wjl4 in tenant-74334f-oidev: 0/1
16:27:42.850 Deployment not available yet
16:27:42.850 0
16:27:45.208 Current status of pixel-streaming-pod-gjm6ti7d9c2wjl4: Running
16:27:45.208 Pod pixel-streaming-pod-gjm6ti7d9c2wjl4 in tenant-74334f-oidev is now Running
16:27:46.028 Current status of app-deployment-gjm6ti7d9c2wjl4 in tenant-74334f-oidev: 0/1
16:27:46.028 Deployment not available yet
16:27:46.028 0
16:27:48.790 Current status of pixel-streaming-pod-gjm6ti7d9c2wjl4: Running
16:27:48.790 Pod pixel-streaming-pod-gjm6ti7d9c2wjl4 in tenant-74334f-oidev is now Running
16:27:49.125 Current status of app-deployment-gjm6ti7d9c2wjl4 in tenant-74334f-oidev: 0/1
16:27:49.125 Deployment not available yet
16:27:49.126 0
16:27:51.904 Current status of pixel-streaming-pod-gjm6ti7d9c2wjl4: Running
16:27:51.904 Pod pixel-streaming-pod-gjm6ti7d9c2wjl4 in tenant-74334f-oidev is now Running
16:27:52.644 Current status of app-deployment-gjm6ti7d9c2wjl4 in tenant-74334f-oidev: 0/1
16:27:52.644 Deployment not available yet
16:27:52.644 0
16:27:55.449 Current status of pixel-streaming-pod-gjm6ti7d9c2wjl4: Running
16:27:55.449 Pod pixel-streaming-pod-gjm6ti7d9c2wjl4 in tenant-74334f-oidev is now Running
16:27:56.187 Current status of app-deployment-gjm6ti7d9c2wjl4 in tenant-74334f-oidev: 0/1
16:27:56.187 Deployment not available yet
16:27:56.187 0
16:27:58.519 Current status of pixel-streaming-pod-gjm6ti7d9c2wjl4: Running
16:27:58.520 Pod pixel-streaming-pod-gjm6ti7d9c2wjl4 in tenant-74334f-oidev is now Running
16:27:58.930 Current status of app-deployment-gjm6ti7d9c2wjl4 in tenant-74334f-oidev: 0/1
16:27:58.930 Deployment not available yet
16:27:58.930 0
16:28:01.695 Current status of pixel-streaming-pod-gjm6ti7d9c2wjl4: Running
16:28:01.696 Pod pixel-streaming-pod-gjm6ti7d9c2wjl4 in tenant-74334f-oidev is now Running
16:28:02.022 Current status of app-deployment-gjm6ti7d9c2wjl4 in tenant-74334f-oidev: 0/1
16:28:02.022 Deployment not available yet
16:28:02.022 0
16:28:04.397 Current status of pixel-streaming-pod-gjm6ti7d9c2wjl4: Running
16:28:04.397 Pod pixel-streaming-pod-gjm6ti7d9c2wjl4 in tenant-74334f-oidev is now Running
16:28:05.257 Current status of app-deployment-gjm6ti7d9c2wjl4 in tenant-74334f-oidev: 0/1
16:28:05.257 Deployment not available yet
16:28:05.257 0
16:28:07.621 Current status of pixel-streaming-pod-gjm6ti7d9c2wjl4: Running
16:28:07.621 Pod pixel-streaming-pod-gjm6ti7d9c2wjl4 in tenant-74334f-oidev is now Running
16:28:07.949 Current status of app-deployment-gjm6ti7d9c2wjl4 in tenant-74334f-oidev: 0/1
16:28:07.949 Deployment not available yet
16:28:07.949 0
16:28:10.714 Current status of pixel-streaming-pod-gjm6ti7d9c2wjl4: Running
16:28:10.714 Pod pixel-streaming-pod-gjm6ti7d9c2wjl4 in tenant-74334f-oidev is now Running
16:28:11.056 Current status of app-deployment-gjm6ti7d9c2wjl4 in tenant-74334f-oidev: 0/1
16:28:11.056 Deployment not available yet
16:28:11.056 0
16:28:13.403 Current status of pixel-streaming-pod-gjm6ti7d9c2wjl4: Running
16:28:13.403 Pod pixel-streaming-pod-gjm6ti7d9c2wjl4 in tenant-74334f-oidev is now Running
16:28:13.745 Current status of app-deployment-gjm6ti7d9c2wjl4 in tenant-74334f-oidev: 0/1
16:28:13.745 Deployment not available yet
16:28:13.745 0
16:28:16.540 Current status of pixel-streaming-pod-gjm6ti7d9c2wjl4: Running
16:28:16.541 Pod pixel-streaming-pod-gjm6ti7d9c2wjl4 in tenant-74334f-oidev is now Running
16:28:16.864 Current status of app-deployment-gjm6ti7d9c2wjl4 in tenant-74334f-oidev: 0/1
16:28:16.864 Deployment not available yet
16:28:16.864 0
16:28:19.660 Current status of pixel-streaming-pod-gjm6ti7d9c2wjl4: Running
16:28:19.660 Pod pixel-streaming-pod-gjm6ti7d9c2wjl4 in tenant-74334f-oidev is now Running
16:28:20.406 Current status of app-deployment-gjm6ti7d9c2wjl4 in tenant-74334f-oidev: 0/1
16:28:20.407 Deployment not available yet
16:28:20.407 0
16:28:22.741 Current status of pixel-streaming-pod-gjm6ti7d9c2wjl4: Running
16:28:22.741 Pod pixel-streaming-pod-gjm6ti7d9c2wjl4 in tenant-74334f-oidev is now Running
16:28:23.069 Current status of app-deployment-gjm6ti7d9c2wjl4 in tenant-74334f-oidev: 0/1
16:28:23.070 Deployment not available yet
16:28:23.070 0
16:28:25.462 Current status of pixel-streaming-pod-gjm6ti7d9c2wjl4: Running
16:28:25.462 Pod pixel-streaming-pod-gjm6ti7d9c2wjl4 in tenant-74334f-oidev is now Running
16:28:25.807 Current status of app-deployment-gjm6ti7d9c2wjl4 in tenant-74334f-oidev: 0/1
16:28:25.808 Deployment not available yet
16:28:25.808 0
16:28:28.150 Current status of pixel-streaming-pod-gjm6ti7d9c2wjl4: Running
16:28:28.150 Pod pixel-streaming-pod-gjm6ti7d9c2wjl4 in tenant-74334f-oidev is now Running
16:28:28.517 Current status of app-deployment-gjm6ti7d9c2wjl4 in tenant-74334f-oidev: 0/1
16:28:28.517 Deployment not available yet
16:28:28.517 0
16:28:30.934 Current status of pixel-streaming-pod-gjm6ti7d9c2wjl4: Running
16:28:30.935 Pod pixel-streaming-pod-gjm6ti7d9c2wjl4 in tenant-74334f-oidev is now Running
16:28:31.255 Current status of app-deployment-gjm6ti7d9c2wjl4 in tenant-74334f-oidev: 0/1
16:28:31.255 Deployment not available yet
16:28:31.255 0
16:28:33.607 Current status of pixel-streaming-pod-gjm6ti7d9c2wjl4: Running
16:28:33.607 Pod pixel-streaming-pod-gjm6ti7d9c2wjl4 in tenant-74334f-oidev is now Running
16:28:34.306 Current status of app-deployment-gjm6ti7d9c2wjl4 in tenant-74334f-oidev: 0/1
16:28:34.306 Deployment not available yet
16:28:34.306 0
16:28:37.066 Current status of pixel-streaming-pod-gjm6ti7d9c2wjl4: Running
16:28:37.067 Pod pixel-streaming-pod-gjm6ti7d9c2wjl4 in tenant-74334f-oidev is now Running
16:28:37.376 Current status of app-deployment-gjm6ti7d9c2wjl4 in tenant-74334f-oidev: 0/1
16:28:37.376 Deployment not available yet
16:28:37.376 0
16:28:40.266 Current status of pixel-streaming-pod-gjm6ti7d9c2wjl4: Running
16:28:40.266 Pod pixel-streaming-pod-gjm6ti7d9c2wjl4 in tenant-74334f-oidev is now Running
16:28:41.066 Current status of app-deployment-gjm6ti7d9c2wjl4 in tenant-74334f-oidev: 0/1
16:28:41.066 Deployment not available yet
16:28:41.066 0
16:28:43.472 Current status of pixel-streaming-pod-gjm6ti7d9c2wjl4: Running
16:28:43.472 Pod pixel-streaming-pod-gjm6ti7d9c2wjl4 in tenant-74334f-oidev is now Running
16:28:44.215 Current status of app-deployment-gjm6ti7d9c2wjl4 in tenant-74334f-oidev: 0/1
16:28:44.215 Deployment not available yet
16:28:44.215 0
16:28:46.976 Current status of pixel-streaming-pod-gjm6ti7d9c2wjl4: Running
16:28:46.976 Pod pixel-streaming-pod-gjm6ti7d9c2wjl4 in tenant-74334f-oidev is now Running
16:28:47.695 Current status of app-deployment-gjm6ti7d9c2wjl4 in tenant-74334f-oidev: 0/1
16:28:47.695 Deployment not available yet
16:28:47.695 0
16:28:50.529 Current status of pixel-streaming-pod-gjm6ti7d9c2wjl4: Running
16:28:50.529 Pod pixel-streaming-pod-gjm6ti7d9c2wjl4 in tenant-74334f-oidev is now Running
16:28:51.257 Current status of app-deployment-gjm6ti7d9c2wjl4 in tenant-74334f-oidev: 0/1
16:28:51.257 Deployment not available yet
16:28:51.257 0
16:28:54.010 Current status of pixel-streaming-pod-gjm6ti7d9c2wjl4: Running
16:28:54.010 Pod pixel-streaming-pod-gjm6ti7d9c2wjl4 in tenant-74334f-oidev is now Running
16:28:54.335 Current status of app-deployment-gjm6ti7d9c2wjl4 in tenant-74334f-oidev: 0/1
16:28:54.335 Deployment not available yet
16:28:54.335 0
16:28:57.123 Current status of pixel-streaming-pod-gjm6ti7d9c2wjl4: Running
16:28:57.123 Pod pixel-streaming-pod-gjm6ti7d9c2wjl4 in tenant-74334f-oidev is now Running
16:28:57.465 Current status of app-deployment-gjm6ti7d9c2wjl4 in tenant-74334f-oidev: 0/1
16:28:57.466 Deployment not available yet
16:28:57.466 0
16:28:59.828 Current status of pixel-streaming-pod-gjm6ti7d9c2wjl4: Running
16:28:59.829 Pod pixel-streaming-pod-gjm6ti7d9c2wjl4 in tenant-74334f-oidev is now Running
16:29:00.167 Current status of app-deployment-gjm6ti7d9c2wjl4 in tenant-74334f-oidev: 0/1
16:29:00.167 Deployment not available yet
16:29:00.167 0
16:29:02.932 Current status of pixel-streaming-pod-gjm6ti7d9c2wjl4: Running
16:29:02.932 Pod pixel-streaming-pod-gjm6ti7d9c2wjl4 in tenant-74334f-oidev is now Running
16:29:03.268 Current status of app-deployment-gjm6ti7d9c2wjl4 in tenant-74334f-oidev: 0/1
16:29:03.269 Deployment not available yet
16:29:03.269 0
16:29:05.638 Current status of pixel-streaming-pod-gjm6ti7d9c2wjl4: Running
16:29:05.638 Pod pixel-streaming-pod-gjm6ti7d9c2wjl4 in tenant-74334f-oidev is now Running
16:29:05.964 Current status of app-deployment-gjm6ti7d9c2wjl4 in tenant-74334f-oidev: 0/1
16:29:05.964 Deployment not available yet
16:29:05.964 0
16:29:08.728 Current status of pixel-streaming-pod-gjm6ti7d9c2wjl4: Running
16:29:08.728 Pod pixel-streaming-pod-gjm6ti7d9c2wjl4 in tenant-74334f-oidev is now Running
16:29:09.035 Current status of app-deployment-gjm6ti7d9c2wjl4 in tenant-74334f-oidev: 0/1
16:29:09.035 Deployment not available yet
16:29:09.035 0
16:29:11.793 Current status of pixel-streaming-pod-gjm6ti7d9c2wjl4: Running
16:29:11.793 Pod pixel-streaming-pod-gjm6ti7d9c2wjl4 in tenant-74334f-oidev is now Running
16:29:12.114 Current status of app-deployment-gjm6ti7d9c2wjl4 in tenant-74334f-oidev: 0/1
16:29:12.115 Deployment not available yet
16:29:12.115 0
16:29:14.495 Current status of pixel-streaming-pod-gjm6ti7d9c2wjl4: Running
16:29:14.495 Pod pixel-streaming-pod-gjm6ti7d9c2wjl4 in tenant-74334f-oidev is now Running
