14:44:31.668 asdf
14:44:31.671 HTTP listening on *:90
14:44:31.671 Matchmaker listening on *:9999
14:44:33.650 asdf
14:44:33.651 WARNING: No empty Cirrus servers are available
14:44:33.651 entered
14:44:33.655 hello
14:44:34.526 Pod status: V1PodStatus {
  conditions: [
    V1PodCondition {
      lastProbeTime: null,
      lastTransitionTime: 2023-07-12T09:02:40.000Z,
      message: undefined,
      reason: undefined,
      status: 'True',
      type: 'Initialized'
    },
    V1PodCondition {
      lastProbeTime: null,
      lastTransitionTime: 2023-07-12T09:02:58.000Z,
      message: undefined,
      reason: undefined,
      status: 'True',
      type: 'Ready'
    },
    V1PodCondition {
      lastProbeTime: null,
      lastTransitionTime: 2023-07-12T09:02:58.000Z,
      message: undefined,
      reason: undefined,
      status: 'True',
      type: 'ContainersReady'
    },
    V1PodCondition {
      lastProbeTime: null,
      lastTransitionTime: 2023-07-12T09:02:39.000Z,
      message: undefined,
      reason: undefined,
      status: 'True',
      type: 'PodScheduled'
    }
  ],
  containerStatuses: [
    V1ContainerStatus {
      containerID: 'containerd://6e25d8531308a6d6fd65bd4aaf43ad2b2f41c3ca391b6de600bbe83dc7c323d0',
      image: 'docker.io/gaddamvinay/repo:finalgame',
      imageID: 'docker.io/gaddamvinay/repo@sha256:1410e5c93ea0aa92583238ece3b449ed139e5e5eff96b25f43e73e3c68ff899e',
      lastState: [V1ContainerState],
      name: 'pixel-streaming-container',
      ready: true,
      restartCount: 0,
      started: true,
      state: [V1ContainerState]
    }
  ],
  ephemeralContainerStatuses: undefined,
  hostIP: '10.131.26.12',
  initContainerStatuses: undefined,
  message: undefined,
  nominatedNodeName: undefined,
  phase: 'Running',
  podIP: '10.147.149.170',
  podIPs: [ V1PodIP { ip: '10.147.149.170' } ],
  qosClass: 'Guaranteed',
  reason: undefined,
  startTime: 2023-07-12T09:02:40.000Z
}
