14:52:40.078 asdf
14:52:40.081 HTTP listening on *:90
14:52:40.081 Matchmaker listening on *:9999
14:52:41.167 asdf
14:52:41.170 WARNING: No empty Cirrus servers are available
14:52:41.170 entered
14:52:41.175 hello
14:52:41.999 Pod status: {
  response: <ref *1> IncomingMessage {
    _readableState: ReadableState {
      objectMode: false,
      highWaterMark: 16384,
      buffer: BufferList { head: null, tail: null, length: 0 },
      length: 0,
      pipes: [],
      flowing: true,
      ended: true,
      endEmitted: true,
      reading: false,
      constructed: true,
      sync: false,
      needReadable: false,
      emittedReadable: false,
      readableListening: false,
      resumeScheduled: false,
      errorEmitted: false,
      emitClose: true,
      autoDestroy: true,
      destroyed: true,
      errored: null,
      closed: true,
      closeEmitted: true,
      defaultEncoding: 'utf8',
      awaitDrainWriters: null,
      multiAwaitDrain: false,
      readingMore: false,
      dataEmitted: true,
      decoder: null,
      encoding: null,
      [Symbol(kPaused)]: false
    },
    _events: [Object: null prototype] {
      end: [Array],
      close: [Array],
      data: [Function (anonymous)],
      error: [Function (anonymous)]
    },
    _eventsCount: 4,
    _maxListeners: undefined,
    socket: TLSSocket {
      _tlsOptions: [Object],
      _secureEstablished: true,
      _securePending: false,
      _newSessionPending: false,
      _controlReleased: true,
      secureConnecting: false,
      _SNICallback: null,
      servername: 'k8s.ord1.coreweave.com',
      alpnProtocol: false,
      authorized: true,
      authorizationError: null,
      encrypted: true,
      _events: [Object: null prototype],
      _eventsCount: 10,
      connecting: false,
      _hadError: false,
      _parent: null,
      _host: 'k8s.ord1.coreweave.com',
      _closeAfterHandlingError: false,
      _readableState: [ReadableState],
      _maxListeners: undefined,
      _writableState: [WritableState],
      allowHalfOpen: false,
      _sockname: null,
      _pendingData: null,
      _pendingEncoding: '',
      server: undefined,
      _server: null,
      ssl: [TLSWrap],
      _requestCert: true,
      _rejectUnauthorized: true,
      parser: null,
      _httpMessage: [ClientRequest],
      autoSelectFamilyAttemptedAddresses: [Array],
      [Symbol(alpncallback)]: null,
      [Symbol(res)]: [TLSWrap],
      [Symbol(verified)]: true,
      [Symbol(pendingSession)]: null,
      [Symbol(async_id_symbol)]: 40,
      [Symbol(kHandle)]: [TLSWrap],
      [Symbol(lastWriteQueueSize)]: 0,
      [Symbol(timeout)]: null,
      [Symbol(kBuffer)]: null,
      [Symbol(kBufferCb)]: null,
      [Symbol(kBufferGen)]: null,
      [Symbol(kCapture)]: false,
      [Symbol(kSetNoDelay)]: false,
      [Symbol(kSetKeepAlive)]: false,
      [Symbol(kSetKeepAliveInitialDelay)]: 0,
      [Symbol(kBytesRead)]: 0,
      [Symbol(kBytesWritten)]: 0,
      [Symbol(connect-options)]: [Object]
    },
    httpVersionMajor: 1,
    httpVersionMinor: 1,
    httpVersion: '1.1',
    complete: true,
    rawHeaders: [
      'Date',
      'Wed, 12 Jul 2023 09:22:41 GMT',
      'Content-Type',
      'application/json',
      'Transfer-Encoding',
      'chunked',
      'Connection',
      'close',
      'cache-control',
      'no-cache, private',
      'x-kubernetes-pf-flowschema-uid',
      '95e685fd-6059-4b39-a2ec-40803f81f66b',
      'x-kubernetes-pf-prioritylevel-uid',
      '559b8561-d805-4cc8-9f38-ae50b54f7b32',
      'CF-Cache-Status',
      'DYNAMIC',
      'Server',
      'cloudflare',
      'CF-RAY',
      '7e5839203e3b31db-BOM'
    ],
    rawTrailers: [],
    joinDuplicateHeaders: undefined,
    aborted: false,
    upgrade: false,
    url: '',
    method: null,
    statusCode: 200,
    statusMessage: 'OK',
    client: TLSSocket {
      _tlsOptions: [Object],
      _secureEstablished: true,
      _securePending: false,
      _newSessionPending: false,
      _controlReleased: true,
      secureConnecting: false,
      _SNICallback: null,
      servername: 'k8s.ord1.coreweave.com',
      alpnProtocol: false,
      authorized: true,
      authorizationError: null,
      encrypted: true,
      _events: [Object: null prototype],
      _eventsCount: 10,
      connecting: false,
      _hadError: false,
      _parent: null,
      _host: 'k8s.ord1.coreweave.com',
      _closeAfterHandlingError: false,
      _readableState: [ReadableState],
      _maxListeners: undefined,
      _writableState: [WritableState],
      allowHalfOpen: false,
      _sockname: null,
      _pendingData: null,
      _pendingEncoding: '',
      server: undefined,
      _server: null,
      ssl: [TLSWrap],
      _requestCert: true,
      _rejectUnauthorized: true,
      parser: null,
      _httpMessage: [ClientRequest],
      autoSelectFamilyAttemptedAddresses: [Array],
      [Symbol(alpncallback)]: null,
      [Symbol(res)]: [TLSWrap],
      [Symbol(verified)]: true,
      [Symbol(pendingSession)]: null,
      [Symbol(async_id_symbol)]: 40,
      [Symbol(kHandle)]: [TLSWrap],
      [Symbol(lastWriteQueueSize)]: 0,
      [Symbol(timeout)]: null,
      [Symbol(kBuffer)]: null,
      [Symbol(kBufferCb)]: null,
      [Symbol(kBufferGen)]: null,
      [Symbol(kCapture)]: false,
      [Symbol(kSetNoDelay)]: false,
      [Symbol(kSetKeepAlive)]: false,
      [Symbol(kSetKeepAliveInitialDelay)]: 0,
      [Symbol(kBytesRead)]: 0,
      [Symbol(kBytesWritten)]: 0,
      [Symbol(connect-options)]: [Object]
    },
    _consuming: true,
    _dumped: false,
    req: ClientRequest {
      _events: [Object: null prototype],
      _eventsCount: 5,
      _maxListeners: undefined,
      outputData: [],
      outputSize: 0,
      writable: true,
      destroyed: false,
      _last: true,
      chunkedEncoding: false,
      shouldKeepAlive: false,
      maxRequestsOnConnectionReached: false,
      _defaultKeepAlive: true,
      useChunkedEncodingByDefault: false,
      sendDate: false,
      _removedConnection: false,
      _removedContLen: false,
      _removedTE: false,
      strictContentLength: false,
      _contentLength: 0,
      _hasBody: true,
      _trailer: '',
      finished: true,
      _headerSent: true,
      _closed: false,
      socket: [TLSSocket],
      _header: 'GET /api/v1/namespaces/tenant-74334f-oidev/pods/pixel-streaming-pod/status HTTP/1.1\r\n' +
        'Accept: application/json\r\n' +
        'Authorization: Bearer CHtnnc6xgtrQGH9pQ2P9cngsDCdzjpdQmfV7kF9C\r\n' +
        'host: k8s.ord1.coreweave.com\r\n' +
        'Connection: close\r\n' +
        '\r\n',
      _keepAliveTimeout: 0,
      _onPendingData: [Function: nop],
      agent: [Agent],
      socketPath: undefined,
      method: 'GET',
      maxHeaderSize: undefined,
      insecureHTTPParser: undefined,
      joinDuplicateHeaders: undefined,
      path: '/api/v1/namespaces/tenant-74334f-oidev/pods/pixel-streaming-pod/status',
      _ended: true,
      res: [Circular *1],
      aborted: false,
      timeoutCb: null,
      upgradeOrConnect: false,
      parser: null,
      maxHeadersCount: null,
      reusedSocket: false,
      host: 'k8s.ord1.coreweave.com',
      protocol: 'https:',
      [Symbol(kCapture)]: false,
      [Symbol(kBytesWritten)]: 0,
      [Symbol(kNeedDrain)]: false,
      [Symbol(corked)]: 0,
      [Symbol(kOutHeaders)]: [Object: null prototype],
      [Symbol(errored)]: null,
      [Symbol(kHighWaterMark)]: 16384,
      [Symbol(kRejectNonStandardBodyWrites)]: false,
      [Symbol(kUniqueHeaders)]: null
    },
    request: Request {
      _events: [Object: null prototype],
      _eventsCount: 5,
      _maxListeners: undefined,
      method: 'GET',
      headers: [Object],
      uri: [Url],
      useQuerystring: false,
      ca: <Buffer 2d 2d 2d 2d 2d 42 45 47 49 4e 20 43 45 52 54 49 46 49 43 41 54 45 2d 2d 2d 2d 2d 0a 4d 49 49 43 2f 54 43 43 41 65 57 67 41 77 49 42 41 67 49 52 41 4f ... 1049 more bytes>,
      callback: [Function (anonymous)],
      readable: true,
      writable: true,
      explicitMethod: true,
      _qs: [Querystring],
      _auth: [Auth],
      _oauth: [OAuth],
      _multipart: [Multipart],
      _redirect: [Redirect],
      _tunnel: [Tunnel],
      setHeader: [Function (anonymous)],
      hasHeader: [Function (anonymous)],
      getHeader: [Function (anonymous)],
      removeHeader: [Function (anonymous)],
      localAddress: undefined,
      pool: [Object],
      dests: [],
      __isRequestRequest: true,
      _callback: [Function (anonymous)],
      proxy: null,
      tunnel: true,
      setHost: true,
      originalCookieHeader: undefined,
      _disableCookies: true,
      _jar: undefined,
      port: 443,
      host: 'k8s.ord1.coreweave.com',
      path: '/api/v1/namespaces/tenant-74334f-oidev/pods/pixel-streaming-pod/status',
      _json: true,
      httpModule: [Object],
      agentClass: [Function: Agent],
      agent: [Agent],
      _started: true,
      href: 'https://k8s.ord1.coreweave.com/api/v1/namespaces/tenant-74334f-oidev/pods/pixel-streaming-pod/status',
      req: [ClientRequest],
      ntick: true,
      response: [Circular *1],
      originalHost: 'k8s.ord1.coreweave.com',
      originalHostHeaderName: 'host',
      responseContent: [Circular *1],
      _destdata: true,
      _ended: true,
      _callbackCalled: true,
      [Symbol(kCapture)]: false
    },
    toJSON: [Function: responseToJSON],
    caseless: Caseless { dict: [Object] },
    body: {
      kind: 'Pod',
      apiVersion: 'v1',
      metadata: [Object],
      spec: [Object],
      status: [Object]
    },
    [Symbol(kCapture)]: false,
    [Symbol(kHeaders)]: {
      date: 'Wed, 12 Jul 2023 09:22:41 GMT',
      'content-type': 'application/json',
      'transfer-encoding': 'chunked',
      connection: 'close',
      'cache-control': 'no-cache, private',
      'x-kubernetes-pf-flowschema-uid': '95e685fd-6059-4b39-a2ec-40803f81f66b',
      'x-kubernetes-pf-prioritylevel-uid': '559b8561-d805-4cc8-9f38-ae50b54f7b32',
      'cf-cache-status': 'DYNAMIC',
      server: 'cloudflare',
      'cf-ray': '7e5839203e3b31db-BOM'
    },
    [Symbol(kHeadersCount)]: 20,
    [Symbol(kTrailers)]: null,
    [Symbol(kTrailersCount)]: 0
  },
  body: V1Pod {
    apiVersion: 'v1',
    kind: 'Pod',
    metadata: V1ObjectMeta {
      annotations: [Object],
      creationTimestamp: 2023-07-12T09:21:05.000Z,
      deletionGracePeriodSeconds: undefined,
      deletionTimestamp: undefined,
      finalizers: undefined,
      generateName: undefined,
      generation: undefined,
      labels: [Object],
      managedFields: [Array],
      name: 'pixel-streaming-pod',
      namespace: 'tenant-74334f-oidev',
      ownerReferences: undefined,
      resourceVersion: '40031004402',
      selfLink: undefined,
      uid: '81754045-aee5-4b22-8707-8ab00f3120cf'
    },
    spec: V1PodSpec {
      activeDeadlineSeconds: undefined,
      affinity: undefined,
      automountServiceAccountToken: undefined,
      containers: [Array],
      dnsConfig: undefined,
      dnsPolicy: 'ClusterFirst',
      enableServiceLinks: true,
      ephemeralContainers: undefined,
      hostAliases: undefined,
      hostIPC: undefined,
      hostNetwork: undefined,
      hostPID: undefined,
      hostUsers: undefined,
      hostname: undefined,
      imagePullSecrets: [Array],
      initContainers: undefined,
      nodeName: 'g067a6d',
      nodeSelector: [Object],
      os: undefined,
      overhead: undefined,
      preemptionPolicy: 'PreemptLowerPriority',
      priority: 1000000,
      priorityClassName: 'normal',
      readinessGates: undefined,
      restartPolicy: 'Always',
      runtimeClassName: undefined,
      schedulerName: 'default-scheduler',
      securityContext: [V1PodSecurityContext],
      serviceAccount: 'default',
      serviceAccountName: 'default',
      setHostnameAsFQDN: undefined,
      shareProcessNamespace: undefined,
      subdomain: undefined,
      terminationGracePeriodSeconds: 30,
      tolerations: [Array],
      topologySpreadConstraints: undefined,
      volumes: [Array]
    },
    status: V1PodStatus {
      conditions: [Array],
      containerStatuses: [Array],
      ephemeralContainerStatuses: undefined,
      hostIP: '10.131.26.12',
      initContainerStatuses: undefined,
      message: undefined,
      nominatedNodeName: undefined,
      phase: 'Running',
      podIP: '10.147.149.165',
      podIPs: [Array],
      qosClass: 'Guaranteed',
      reason: undefined,
      startTime: 2023-07-12T09:21:06.000Z
    }
  }
}
